test
[2026-04-18 19:50:00] 選択: Jay-Z / Kingdom Come [UICD-9023]
[2026-04-18 19:50:00] 画像URL: https://res.cloudinary.com/dyfylaino/image/upload/f_auto,q_auto,w_600/v1774906568/obi-strip-collection/2022-07-785d0edb7d0a42f94a8157c04b484f58.jpg
[2026-04-18 19:50:00] --- ツイート内容 ---
OBI Strip Collection 🇯🇵

Artist: Jay-Z
Album: Kingdom Come
Cat#: UICD-9023

Drop your favorite track 👇
[2026-04-18 19:50:00] --- 文字数: 102 ---
[2026-04-18 19:50:00] 画像ダウンロード中: https://res.cloudinary.com/dyfylaino/image/upload/f_auto,q_auto,w_600/v1774906568/obi-strip-collection/2022-07-785d0edb7d0a42f94a8157c04b484f58.jpg
[2026-04-18 19:50:01] メディアアップロード完了: media_id=2045454798779191296
[2026-04-18 19:50:01] 投稿中...
[2026-04-18 19:50:02] 投稿完了: tweet_id=2045454800834424871
[2026-04-18 19:50:02] posted.json を更新しました（累計 7 件）
[2026-04-18 20:00:01] 選択: Dred Scott / Breakin' Combs [POCM-1078]
[2026-04-18 20:00:01] 画像URL: https://res.cloudinary.com/dyfylaino/image/upload/f_auto,q_auto,w_600/v1774905583/obi-strip-collection/2022-01-7966bae78213db11914ad7af893f8431-1.jpg
[2026-04-18 20:00:01] --- ツイート内容 ---
OBI Strip Collection 🇯🇵

Artist: Dred Scott
Album: Breakin' Combs
Cat#: POCM-1078

Drop your favorite track 👇
[2026-04-18 20:00:01] --- 文字数: 109 ---
[2026-04-18 20:00:01] 画像ダウンロード中: https://res.cloudinary.com/dyfylaino/image/upload/f_auto,q_auto,w_600/v1774905583/obi-strip-collection/2022-01-7966bae78213db11914ad7af893f8431-1.jpg
[2026-04-18 20:00:02] メディアアップロード完了: media_id=2045457317781749760
[2026-04-18 20:00:02] 投稿中...
[2026-04-18 20:00:02] 投稿完了: tweet_id=2045457320134779350
[2026-04-18 20:00:02] posted.json を更新しました（累計 8 件）
[2026-04-19 05:00:00] 選択: RUN D.M.C. / Crown Royal [BVCA-21079]
[2026-04-19 05:00:00] 画像URL: https://res.cloudinary.com/dyfylaino/image/upload/f_auto,q_auto,w_600/v1774906445/obi-strip-collection/2022-06-07ebc47a5124a13606af8bad4f120b89.jpg
[2026-04-19 05:00:00] --- ツイート内容 ---
OBI Strip Collection 🇯🇵

Artist: RUN D.M.C.
Album: Crown Royal
Cat#: BVCA-21079

Drop your favorite track 👇
[2026-04-19 05:00:00] --- 文字数: 107 ---
[2026-04-19 05:00:00] 画像ダウンロード中: https://res.cloudinary.com/dyfylaino/image/upload/f_auto,q_auto,w_600/v1774906445/obi-strip-collection/2022-06-07ebc47a5124a13606af8bad4f120b89.jpg
[2026-04-19 05:00:02] メディアアップロード完了: media_id=2045593215324360704
[2026-04-19 05:00:02] 投稿中...
[2026-04-19 05:00:03] 投稿完了: tweet_id=2045593217408913765
[2026-04-19 05:00:03] posted.json を更新しました（累計 9 件）
[2026-04-19 12:00:00] 選択: Snoop Doggy Dogg / Doggystyle [AMCY-650]
[2026-04-19 12:00:00] 画像URL: https://res.cloudinary.com/dyfylaino/image/upload/f_auto,q_auto,w_600/v1774906770/obi-strip-collection/2022-03-26709763222995d6b2b0afc510a757c5.png
[2026-04-19 12:00:00] --- ツイート内容 ---
OBI Strip Collection 🇯🇵

Artist: Snoop Doggy Dogg
Album: Doggystyle
Cat#: AMCY-650

Drop your favorite track 👇
[2026-04-19 12:00:00] --- 文字数: 110 ---
[2026-04-19 12:00:00] 画像ダウンロード中: https://res.cloudinary.com/dyfylaino/image/upload/f_auto,q_auto,w_600/v1774906770/obi-strip-collection/2022-03-26709763222995d6b2b0afc510a757c5.png
[2026-04-19 12:00:01] メディアアップロード完了: media_id=2045698907477532672
[2026-04-19 12:00:01] 投稿中...
[2026-04-19 12:00:02] 投稿完了: tweet_id=2045698909880897848
[2026-04-19 12:00:02] posted.json を更新しました（累計 10 件）
[2026-04-19 20:00:01] 選択: MED BLU MADLIB / Bad Neighbor [BYH005CDJ]
[2026-04-19 20:00:01] 画像URL: https://res.cloudinary.com/dyfylaino/image/upload/f_auto,q_auto,w_600/v1774906187/obi-strip-collection/2023-04-19dc7b9fc75139b9c8d0e0b26fde9824.jpg
[2026-04-19 20:00:01] --- ツイート内容 ---
OBI Strip Collection 🇯🇵

Artist: MED BLU MADLIB
Album: Bad Neighbor
Cat#: BYH005CDJ

Drop your favorite track 👇
[2026-04-19 20:00:01] --- 文字数: 111 ---
[2026-04-19 20:00:01] 画像ダウンロード中: https://res.cloudinary.com/dyfylaino/image/upload/f_auto,q_auto,w_600/v1774906187/obi-strip-collection/2023-04-19dc7b9fc75139b9c8d0e0b26fde9824.jpg
[2026-04-19 20:00:02] メディアアップロード完了: media_id=2045819707757113344
[2026-04-19 20:00:02] 投稿中...
[2026-04-19 20:00:03] 投稿完了: tweet_id=2045819709778726966
[2026-04-19 20:00:03] posted.json を更新しました（累計 11 件）
[2026-04-20 05:00:00] 選択: Godfather Don / Diabolique [HYDCDJ831]
[2026-04-20 05:00:00] 画像URL: https://res.cloudinary.com/dyfylaino/image/upload/f_auto,q_auto,w_600/v1775983555/obi-strip-collection/godfather_don_diabolique.jpg
[2026-04-20 05:00:00] --- ツイート内容 ---
OBI Strip Collection 🇯🇵

Artist: Godfather Don
Album: Diabolique
Cat#: HYDCDJ831

Drop your favorite track 👇
[2026-04-20 05:00:00] --- 文字数: 108 ---
[2026-04-20 05:00:00] 画像ダウンロード中: https://res.cloudinary.com/dyfylaino/image/upload/f_auto,q_auto,w_600/v1775983555/obi-strip-collection/godfather_don_diabolique.jpg
[2026-04-20 05:00:02] メディアアップロード完了: media_id=2045955602304921600
[2026-04-20 05:00:02] 投稿中...
[2026-04-20 05:00:03] 投稿完了: tweet_id=2045955604771152352
[2026-04-20 05:00:03] posted.json を更新しました（累計 12 件）
[2026-04-20 12:00:01] 選択: Fat Boys / The Best Part Of The Fat Boys [TECP-25646]
[2026-04-20 12:00:01] 画像URL: https://res.cloudinary.com/dyfylaino/image/upload/f_auto,q_auto,w_600/v1774905565/obi-strip-collection/2022-08-07ebc47a5124a13606af8bad4f120b89.jpg
[2026-04-20 12:00:01] --- ツイート内容 ---
OBI Strip Collection 🇯🇵

Artist: Fat Boys
Album: The Best Part Of The Fat Boys
Cat#: TECP-25646

Drop your favorite track 👇
[2026-04-20 12:00:01] --- 文字数: 123 ---
[2026-04-20 12:00:01] 画像ダウンロード中: https://res.cloudinary.com/dyfylaino/image/upload/f_auto,q_auto,w_600/v1774905565/obi-strip-collection/2022-08-07ebc47a5124a13606af8bad4f120b89.jpg
[2026-04-20 12:00:02] メディアアップロード完了: media_id=2046061297922682880
[2026-04-20 12:00:02] 投稿中...
[2026-04-20 12:00:02] 投稿完了: tweet_id=2046061299914998253
[2026-04-20 12:00:02] posted.json を更新しました（累計 13 件）
[2026-04-20 20:00:01] 選択: Jurassic 5 / Quality Control [MVCT-24078]
[2026-04-20 20:00:01] 画像URL: https://res.cloudinary.com/dyfylaino/image/upload/f_auto,q_auto,w_600/v1774906156/obi-strip-collection/2023-02-7f77967499ec98656f31e6e1af45590c.jpg
[2026-04-20 20:00:01] --- ツイート内容 ---
OBI Strip Collection 🇯🇵

Artist: Jurassic 5
Album: Quality Control
Cat#: MVCT-24078

Drop your favorite track 👇
[2026-04-20 20:00:01] --- 文字数: 111 ---
[2026-04-20 20:00:01] 画像ダウンロード中: https://res.cloudinary.com/dyfylaino/image/upload/f_auto,q_auto,w_600/v1774906156/obi-strip-collection/2023-02-7f77967499ec98656f31e6e1af45590c.jpg
[2026-04-20 20:00:02] メディアアップロード完了: media_id=2046182094490181632
[2026-04-20 20:00:02] 投稿中...
[2026-04-20 20:00:02] 投稿完了: tweet_id=2046182096700616713
[2026-04-20 20:00:02] posted.json を更新しました（累計 14 件）
[2026-04-21 05:00:00] 選択: Puff Daddy / No Way Out [BVCA-729]
[2026-04-21 05:00:00] 画像URL: https://res.cloudinary.com/dyfylaino/image/upload/f_auto,q_auto,w_600/v1774906556/obi-strip-collection/2024-02-67f92100f34272191f6ea67e68888103.jpg
[2026-04-21 05:00:00] --- ツイート内容 ---
OBI Strip Collection 🇯🇵

Artist: Puff Daddy
Album: No Way Out
Cat#: BVCA-729

Drop your favorite track 👇
[2026-04-21 05:00:00] --- 文字数: 104 ---
[2026-04-21 05:00:00] 画像ダウンロード中: https://res.cloudinary.com/dyfylaino/image/upload/f_auto,q_auto,w_600/v1774906556/obi-strip-collection/2024-02-67f92100f34272191f6ea67e68888103.jpg
[2026-04-21 05:00:01] メディアアップロード完了: media_id=2046317987561697280
[2026-04-21 05:00:01] 投稿中...
[2026-04-21 05:00:02] 投稿完了: tweet_id=2046317989583331674
[2026-04-21 05:00:02] posted.json を更新しました（累計 15 件）
[2026-04-21 12:00:00] 選択: Nas / Nasir [UICD-6229]
[2026-04-21 12:00:00] 画像URL: https://res.cloudinary.com/dyfylaino/image/upload/f_auto,q_auto,w_600/v1774905963/obi-strip-collection/2021-12-bc58bfb810d2e1e96a5978d5b227575c.jpg
[2026-04-21 12:00:00] --- ツイート内容 ---
OBI Strip Collection 🇯🇵

Artist: Nas
Album: Nasir
Cat#: UICD-6229

Drop your favorite track 👇
[2026-04-21 12:00:00] --- 文字数: 93 ---
[2026-04-21 12:00:00] 画像ダウンロード中: https://res.cloudinary.com/dyfylaino/image/upload/f_auto,q_auto,w_600/v1774905963/obi-strip-collection/2021-12-bc58bfb810d2e1e96a5978d5b227575c.jpg
[2026-04-21 12:00:01] メディアアップロード完了: media_id=2046423683829551104
[2026-04-21 12:00:01] 投稿中...
[2026-04-21 12:00:02] 投稿完了: tweet_id=2046423685993746490
[2026-04-21 12:00:02] posted.json を更新しました（累計 16 件）
[2026-04-21 20:00:00] 選択: Kris Kross / Totally Krossed Out [SRCS 5900]
[2026-04-21 20:00:00] 画像URL: https://res.cloudinary.com/dyfylaino/image/upload/f_auto,q_auto,w_600/v1775592841/obi-strip-collection/kris_kross_totally_krossed_out.jpg
[2026-04-21 20:00:00] --- ツイート内容 ---
OBI Strip Collection 🇯🇵

Artist: Kris Kross
Album: Totally Krossed Out
Cat#: SRCS 5900

Drop your favorite track 👇
[2026-04-21 20:00:00] --- 文字数: 114 ---
[2026-04-21 20:00:00] 画像ダウンロード中: https://res.cloudinary.com/dyfylaino/image/upload/f_auto,q_auto,w_600/v1775592841/obi-strip-collection/kris_kross_totally_krossed_out.jpg
[2026-04-21 20:00:02] メディアアップロード完了: media_id=2046544481282134016
[2026-04-21 20:00:02] 投稿中...
[2026-04-21 20:00:02] 投稿完了: tweet_id=2046544483568046274
[2026-04-21 20:00:02] posted.json を更新しました（累計 17 件）
[2026-04-22 05:00:00] 選択: D.I.T.C. / Live At The Tramps New York Vol.1 [PCD-23021]
[2026-04-22 05:00:00] 画像URL: https://res.cloudinary.com/dyfylaino/image/upload/f_auto,q_auto,w_600/v1774905870/obi-strip-collection/2022-10-c0d5a60c8a9524e96cf6615e8653fb98-1.jpg
[2026-04-22 05:00:00] --- ツイート内容 ---
OBI Strip Collection 🇯🇵

Artist: D.I.T.C.
Album: Live At The Tramps New York Vol.1
Cat#: PCD-23021

Drop your favorite track 👇
[2026-04-22 05:00:00] --- 文字数: 126 ---
[2026-04-22 05:00:00] 画像ダウンロード中: https://res.cloudinary.com/dyfylaino/image/upload/f_auto,q_auto,w_600/v1774905870/obi-strip-collection/2022-10-c0d5a60c8a9524e96cf6615e8653fb98-1.jpg
[2026-04-22 05:00:01] メディアアップロード完了: media_id=2046680376194826240
[2026-04-22 05:00:01] 投稿中...
[2026-04-22 05:00:02] 投稿完了: tweet_id=2046680378203885722
[2026-04-22 05:00:02] posted.json を更新しました（累計 18 件）
